# JRE version: Java(TM) SE Runtime Environment (8.0_181-b13) (build 1.8.0_181-b13)
# Java VM: Java HotSpot(TM) 64-Bit Server VM (25.181-b13 mixed mode windows-amd64 compressed oops)
Heap:
 PSYoungGen      total 27648K, used 4203K [0x00000000eb400000, 0x00000000ed780000, 0x0000000100000000)
  eden space 20480K, 11% used [0x00000000eb400000,0x00000000eb6557e0,0x00000000ec800000)
  from space 7168K, 25% used [0x00000000ec800000,0x00000000ec9c56c0,0x00000000ecf00000)
  to   space 7168K, 0% used [0x00000000ed080000,0x00000000ed080000,0x00000000ed780000)
 ParOldGen       total 30720K, used 7909K [0x00000000c1c00000, 0x00000000c3a00000, 0x00000000eb400000)
  object space 30720K, 25% used [0x00000000c1c00000,0x00000000c23b9598,0x00000000c3a00000)
 Metaspace       used 23906K, capacity 24720K, committed 24960K, reserved 1071104K
  class space    used 3212K, capacity 3394K, committed 3456K, reserved 1048576K
GC Heap History (10 events):
Event: 12.034 GC heap before
{Heap before GC invocations=8 (full 0):
 PSYoungGen      total 20480K, used 20477K [0x00000000eb400000, 0x00000000edf00000, 0x0000000100000000)
  eden space 15360K, 100% used [0x00000000eb400000,0x00000000ec300000,0x00000000ec300000)
  from space 5120K, 99% used [0x00000000ec300000,0x00000000ec7ff4c8,0x00000000ec800000)
  to   space 6656K, 0% used [0x00000000ed880000,0x00000000ed880000,0x00000000edf00000)
 ParOldGen       total 44032K, used 5424K [0x00000000c1c00000, 0x00000000c4700000, 0x00000000eb400000)
  object space 44032K, 12% used [0x00000000c1c00000,0x00000000c214c218,0x00000000c4700000)
 Metaspace       used 18946K, capacity 19300K, committed 19584K, reserved 1067008K
  class space    used 2479K, capacity 2584K, committed 2688K, reserved 1048576K
Event: 12.040 GC heap after
Heap after GC invocations=8 (full 0):
 PSYoungGen      total 20992K, used 5502K [0x00000000eb400000, 0x00000000ede00000, 0x0000000100000000)
  eden space 15360K, 0% used [0x00000000eb400000,0x00000000eb400000,0x00000000ec300000)
  from space 5632K, 97% used [0x00000000ed880000,0x00000000edddf9f0,0x00000000ede00000)
  to   space 7168K, 0% used [0x00000000ed000000,0x00000000ed000000,0x00000000ed700000)
 ParOldGen       total 44032K, used 6092K [0x00000000c1c00000, 0x00000000c4700000, 0x00000000eb400000)
  object space 44032K, 13% used [0x00000000c1c00000,0x00000000c21f30f8,0x00000000c4700000)
 Metaspace       used 18946K, capacity 19300K, committed 19584K, reserved 1067008K
  class space    used 2479K, capacity 2584K, committed 2688K, reserved 1048576K
}
Event: 13.038 GC heap before
{Heap before GC invocations=9 (full 0):
 PSYoungGen      total 20992K, used 15055K [0x00000000eb400000, 0x00000000ede00000, 0x0000000100000000)
  eden space 15360K, 62% used [0x00000000eb400000,0x00000000ebd54230,0x00000000ec300000)
  from space 5632K, 97% used [0x00000000ed880000,0x00000000edddf9f0,0x00000000ede00000)
  to   space 7168K, 0% used [0x00000000ed000000,0x00000000ed000000,0x00000000ed700000)
 ParOldGen       total 44032K, used 6092K [0x00000000c1c00000, 0x00000000c4700000, 0x00000000eb400000)
  object space 44032K, 13% used [0x00000000c1c00000,0x00000000c21f30f8,0x00000000c4700000)
 Metaspace       used 20598K, capacity 21200K, committed 21296K, reserved 1067008K
  class space    used 2742K, capacity 2898K, committed 2944K, reserved 1048576K
Event: 13.043 GC heap after
Heap after GC invocations=9 (full 0):
 PSYoungGen      total 18944K, used 3317K [0x00000000eb400000, 0x00000000ed900000, 0x0000000100000000)
  eden space 15360K, 0% used [0x00000000eb400000,0x00000000eb400000,0x00000000ec300000)
  from space 3584K, 92% used [0x00000000ed000000,0x00000000ed33d7e0,0x00000000ed380000)
  to   space 5632K, 0% used [0x00000000ed380000,0x00000000ed380000,0x00000000ed900000)
 ParOldGen       total 44032K, used 8015K [0x00000000c1c00000, 0x00000000c4700000, 0x00000000eb400000)
  object space 44032K, 18% used [0x00000000c1c00000,0x00000000c23d3d08,0x00000000c4700000)
 Metaspace       used 20598K, capacity 21200K, committed 21296K, reserved 1067008K
  class space    used 2742K, capacity 2898K, committed 2944K, reserved 1048576K
}
Event: 13.043 GC heap before
{Heap before GC invocations=10 (full 1):
 PSYoungGen      total 18944K, used 3317K [0x00000000eb400000, 0x00000000ed900000, 0x0000000100000000)
  eden space 15360K, 0% used [0x00000000eb400000,0x00000000eb400000,0x00000000ec300000)
  from space 3584K, 92% used [0x00000000ed000000,0x00000000ed33d7e0,0x00000000ed380000)
  to   space 5632K, 0% used [0x00000000ed380000,0x00000000ed380000,0x00000000ed900000)
 ParOldGen       total 44032K, used 8015K [0x00000000c1c00000, 0x00000000c4700000, 0x00000000eb400000)
  object space 44032K, 18% used [0x00000000c1c00000,0x00000000c23d3d08,0x00000000c4700000)
 Metaspace       used 20598K, capacity 21200K, committed 21296K, reserved 1067008K
  class space    used 2742K, capacity 2898K, committed 2944K, reserved 1048576K
Event: 13.080 GC heap after
Heap after GC invocations=10 (full 1):
 PSYoungGen      total 18944K, used 0K [0x00000000eb400000, 0x00000000ed900000, 0x0000000100000000)
  eden space 15360K, 0% used [0x00000000eb400000,0x00000000eb400000,0x00000000ec300000)
  from space 3584K, 0% used [0x00000000ed000000,0x00000000ed000000,0x00000000ed380000)
  to   space 5632K, 0% used [0x00000000ed380000,0x00000000ed380000,0x00000000ed900000)
 ParOldGen       total 30720K, used 7449K [0x00000000c1c00000, 0x00000000c3a00000, 0x00000000eb400000)
  object space 30720K, 24% used [0x00000000c1c00000,0x00000000c2346538,0x00000000c3a00000)
 Metaspace       used 20598K, capacity 21200K, committed 21296K, reserved 1067008K
  class space    used 2742K, capacity 2898K, committed 2944K, reserved 1048576K
}
Event: 52.842 GC heap before
{Heap before GC invocations=11 (full 1):
 PSYoungGen      total 18944K, used 15360K [0x00000000eb400000, 0x00000000ed900000, 0x0000000100000000)
  eden space 15360K, 100% used [0x00000000eb400000,0x00000000ec300000,0x00000000ec300000)
  from space 3584K, 0% used [0x00000000ed000000,0x00000000ed000000,0x00000000ed380000)
  to   space 5632K, 0% used [0x00000000ed380000,0x00000000ed380000,0x00000000ed900000)
 ParOldGen       total 30720K, used 7449K [0x00000000c1c00000, 0x00000000c3a00000, 0x00000000eb400000)
  object space 30720K, 24% used [0x00000000c1c00000,0x00000000c2346538,0x00000000c3a00000)
 Metaspace       used 22515K, capacity 23288K, committed 23552K, reserved 1069056K
  class space    used 3014K, capacity 3226K, committed 3328K, reserved 1048576K
Event: 52.871 GC heap after
Heap after GC invocations=11 (full 1):
 PSYoungGen      total 17920K, used 2058K [0x00000000eb400000, 0x00000000ed600000, 0x0000000100000000)
  eden space 15360K, 0% used [0x00000000eb400000,0x00000000eb400000,0x00000000ec300000)
  from space 2560K, 80% used [0x00000000ed380000,0x00000000ed582b78,0x00000000ed600000)
  to   space 7168K, 0% used [0x00000000ec800000,0x00000000ec800000,0x00000000ecf00000)
 ParOldGen       total 30720K, used 7457K [0x00000000c1c00000, 0x00000000c3a00000, 0x00000000eb400000)
  object space 30720K, 24% used [0x00000000c1c00000,0x00000000c2348538,0x00000000c3a00000)
 Metaspace       used 22515K, capacity 23288K, committed 23552K, reserved 1069056K
  class space    used 3014K, capacity 3226K, committed 3328K, reserved 1048576K
}
Event: 53.377 GC heap before
{Heap before GC invocations=12 (full 1):
 PSYoungGen      total 17920K, used 17418K [0x00000000eb400000, 0x00000000ed600000, 0x0000000100000000)
  eden space 15360K, 100% used [0x00000000eb400000,0x00000000ec300000,0x00000000ec300000)
  from space 2560K, 80% used [0x00000000ed380000,0x00000000ed582b78,0x00000000ed600000)
  to   space 7168K, 0% used [0x00000000ec800000,0x00000000ec800000,0x00000000ecf00000)
 ParOldGen       total 30720K, used 7457K [0x00000000c1c00000, 0x00000000c3a00000, 0x00000000eb400000)
  object space 30720K, 24% used [0x00000000c1c00000,0x00000000c2348538,0x00000000c3a00000)
 Metaspace       used 23751K, capacity 24514K, committed 24704K, reserved 1071104K
  class space    used 3188K, capacity 3393K, committed 3456K, reserved 1048576K
Event: 53.383 GC heap after
Heap after GC invocations=12 (full 1):
 PSYoungGen      total 27648K, used 1813K [0x00000000eb400000, 0x00000000ed780000, 0x0000000100000000)
  eden space 20480K, 0% used [0x00000000eb400000,0x00000000eb400000,0x00000000ec800000)
  from space 7168K, 25% used [0x00000000ec800000,0x00000000ec9c56c0,0x00000000ecf00000)
  to   space 7168K, 0% used [0x00000000ed080000,0x00000000ed080000,0x00000000ed780000)
 ParOldGen       total 30720K, used 7909K [0x00000000c1c00000, 0x00000000c3a00000, 0x00000000eb400000)
  object space 30720K, 25% used [0x00000000c1c00000,0x00000000c23b9598,0x00000000c3a00000)
 Metaspace       used 23751K, capacity 24514K, committed 24704K, reserved 1071104K
  class space    used 3188K, capacity 3393K, committed 3456K, reserved 1048576K
}

