<?xml version="1.0" encoding="UTF-8"?>
<!-- Generated by org.testng.reporters.JUnitXMLReporter -->
<testsuite hostname="LAPTOP-NBRT2PUV" ignored="0" name="Surefire test" tests="1" failures="1" timestamp="28 Nov 2018 12:22:28 GMT" time="13.115" errors="0">
  <testcase name="feature" time="12.015" classname="cucumber.api.testng.AbstractTestNGCucumberTests">
    <failure type="cucumber.runtime.CucumberException" message="java.lang.NullPointerException">
      <![CDATA[cucumber.runtime.CucumberException: java.lang.NullPointerException
at cucumber.api.testng.TestNGCucumberRunner.runCucumber(TestNGCucumberRunner.java:69)
at cucumber.api.testng.AbstractTestNGCucumberTests.feature(AbstractTestNGCucumberTests.java:21)
Caused by: java.lang.NullPointerException
at pageObjects.DashBoard.selectVendorList(DashBoard.java:57)
at stepDefinitions.MyStepDefs.admin_is_on_vendorlist_page(MyStepDefs.java:453)
at ✽.Given admin is on vendorlist page(event.feature:30)
... Removed 30 stack frames]]>
    </failure>
  </testcase> <!-- feature -->
</testsuite> <!-- Surefire test -->
